[2022-07-14 09:41:53,379] - logger.py] - INFO: -----------------------------------开始执行用例---------------------------------------
[2022-07-14 09:43:33,527] - logger.py] - INFO: -----------------------------------开始执行用例---------------------------------------
[2022-07-14 09:44:52,879] - logger.py] - INFO: -----------------------------------开始执行用例---------------------------------------
[2022-07-14 09:44:54,286] - logger.py] - INFO: -----------------------------------开始执行用例---------------------------------------
[2022-07-14 09:44:54,641] - logger.py] - INFO: -----------------------------------开始执行用例---------------------------------------
[2022-07-14 09:44:54,879] - logger.py] - INFO: -----------------------------------开始执行用例---------------------------------------
[2022-07-14 09:44:55,138] - logger.py] - INFO: -----------------------------------开始执行用例---------------------------------------
[2022-07-14 09:46:22,842] - logger.py] - INFO: -----------------------------------开始执行用例---------------------------------------
[2022-07-14 09:46:23,204] - logger.py] - INFO: -----------------------------------开始执行用例---------------------------------------
[2022-07-14 09:46:23,460] - logger.py] - INFO: -----------------------------------开始执行用例---------------------------------------
[2022-07-14 09:46:23,679] - logger.py] - INFO: -----------------------------------开始执行用例---------------------------------------
[2022-07-14 09:46:23,934] - logger.py] - INFO: -----------------------------------开始执行用例---------------------------------------
[2022-07-14 09:47:24,372] - logger.py] - INFO: ---------------开始执行用例-----------
[2022-07-14 09:47:25,788] - logger.py] - INFO: ---------------开始执行用例-----------
[2022-07-14 09:47:26,100] - logger.py] - INFO: ---------------开始执行用例-----------
[2022-07-14 09:47:26,323] - logger.py] - INFO: ---------------开始执行用例-----------
[2022-07-14 09:47:26,554] - logger.py] - INFO: ---------------开始执行用例-----------
[2022-07-14 09:48:38,628] - logger.py] - INFO: -----------------------------------开始执行用例---------------------------------------
[2022-07-14 09:52:10,681] - logger.py] - INFO: ---------------开始执行用例-----------
[2022-07-14 09:52:22,357] - logger.py] - INFO: ---------------开始执行用例-----------
[2022-07-14 09:52:22,774] - logger.py] - INFO: ---------------开始执行用例-----------
[2022-07-14 09:52:23,108] - logger.py] - INFO: ---------------开始执行用例-----------
[2022-07-14 09:52:23,376] - logger.py] - INFO: ---------------开始执行用例-----------
[2022-07-14 09:52:23,632] - logger.py] - INFO: ---------------开始执行用例-----------
[2022-07-14 09:53:16,354] - logger.py] - INFO: ---------------开始执行用例-----------
[2022-07-14 09:53:31,442] - logger.py] - INFO: ---------------开始执行用例-----------
[2022-07-14 09:53:31,724] - logger.py] - INFO: ---------------开始执行用例-----------
[2022-07-14 09:53:31,943] - logger.py] - INFO: ---------------开始执行用例-----------
[2022-07-14 09:53:32,132] - logger.py] - INFO: ---------------开始执行用例-----------
[2022-07-14 09:53:32,321] - logger.py] - INFO: ---------------开始执行用例-----------
[2022-07-14 09:54:24,126] - logger.py] - INFO: ---------------开始执行用例-----------
[2022-07-14 09:55:57,834] - logger.py] - INFO: ---------------开始执行用例-----------
[2022-07-14 09:55:58,303] - logger.py] - INFO: ---------------开始执行用例-----------
[2022-07-14 09:55:58,561] - logger.py] - INFO: ---------------开始执行用例-----------
[2022-07-14 09:55:58,776] - logger.py] - INFO: ---------------开始执行用例-----------
[2022-07-14 09:55:59,034] - logger.py] - INFO: ---------------开始执行用例-----------
[2022-07-14 09:56:08,265] - logger.py] - INFO: ---------------开始执行用例-----------
[2022-07-14 09:59:28,980] - logger.py] - INFO: ---------------开始执行用例-----------
[2022-07-14 10:01:10,267] - logger.py] - INFO: ---------------开始执行用例-----------
[2022-07-14 10:01:45,868] - logger.py] - INFO: ---------------开始执行用例-----------
[2022-07-14 10:01:46,213] - logger.py] - INFO: ---------------开始执行用例-----------
[2022-07-14 10:01:46,444] - logger.py] - INFO: ---------------开始执行用例-----------
[2022-07-14 10:01:46,659] - logger.py] - INFO: ---------------开始执行用例-----------
[2022-07-14 10:01:46,855] - logger.py] - INFO: ---------------开始执行用例-----------
[2022-07-14 10:08:51,955] - logger.py] - INFO: ---------------开始执行用例-----------
[2022-07-14 10:13:11,921] - logger.py] - INFO: ---------------开始执行用例-----------
[2022-07-14 10:15:50,479] - logger.py] - INFO: ---------------开始执行用例-----------
[2022-07-14 10:16:13,711] - logger.py] - INFO: 点击我的tab热播影视成功进入资源详情页面
[2022-07-14 10:16:13,714] - logger.py] - INFO: --------------结束执行用例----------------
[2022-07-14 10:16:24,577] - logger.py] - INFO: ---------------开始执行用例-----------
[2022-07-14 10:16:46,662] - logger.py] - INFO: 点击我的tab热播影视成功进入资源详情页面
[2022-07-14 10:16:46,663] - logger.py] - INFO: --------------结束执行用例----------------
[2022-07-14 10:16:46,680] - logger.py] - INFO: ---------------开始执行用例-----------
[2022-07-14 10:17:05,959] - logger.py] - INFO: 我的tab页面热播影视模块和专题榜单模块展示正常
[2022-07-14 10:17:05,960] - logger.py] - INFO: --------------结束执行用例----------------
[2022-07-14 10:17:05,976] - logger.py] - INFO: ---------------开始执行用例-----------
[2022-07-14 10:17:21,766] - logger.py] - INFO: 我的tab页面，已安装应用显示正确
[2022-07-14 10:17:21,767] - logger.py] - INFO: --------------结束执行用例----------------
[2022-07-14 10:17:21,782] - logger.py] - INFO: ---------------开始执行用例-----------
[2022-07-14 10:17:42,646] - logger.py] - INFO: 我的tab页面，已安装的应用可以正常启动使用
[2022-07-14 10:17:42,646] - logger.py] - INFO: --------------结束执行用例----------------
[2022-07-14 10:17:42,661] - logger.py] - INFO: ---------------开始执行用例-----------
[2022-07-14 10:18:26,413] - logger.py] - INFO: 热播影视模块资源页面：本周电影热播、本周电视剧热播、本周综艺热播、本周动漫热播模块展示正确
[2022-07-14 10:18:26,413] - logger.py] - INFO: --------------结束执行用例----------------
[2022-07-14 10:21:17,233] - logger.py] - INFO: ---------------开始执行用例-----------
[2022-07-14 10:21:42,060] - logger.py] - INFO: 点击我的tab热播影视成功进入资源详情页面
[2022-07-14 10:21:42,061] - logger.py] - INFO: --------------结束执行用例----------------
[2022-07-14 10:21:42,076] - logger.py] - INFO: ---------------开始执行用例-----------
[2022-07-14 10:22:01,927] - logger.py] - INFO: 我的tab页面热播影视模块和专题榜单模块展示正常
[2022-07-14 10:22:01,948] - logger.py] - INFO: --------------结束执行用例----------------
[2022-07-14 10:22:01,967] - logger.py] - INFO: ---------------开始执行用例-----------
[2022-07-14 10:22:20,402] - logger.py] - INFO: 我的tab页面，已安装应用显示正确
[2022-07-14 10:22:20,410] - logger.py] - INFO: --------------结束执行用例----------------
[2022-07-14 10:22:20,428] - logger.py] - INFO: ---------------开始执行用例-----------
[2022-07-14 10:22:43,149] - logger.py] - INFO: 我的tab页面，已安装的应用可以正常启动使用
[2022-07-14 10:22:43,151] - logger.py] - INFO: --------------结束执行用例----------------
[2022-07-14 10:22:43,165] - logger.py] - INFO: ---------------开始执行用例-----------
[2022-07-14 10:23:28,249] - logger.py] - INFO: 热播影视模块资源页面：本周电影热播、本周电视剧热播、本周综艺热播、本周动漫热播模块展示正确
[2022-07-14 10:23:28,252] - logger.py] - INFO: --------------结束执行用例----------------
[2022-07-14 10:27:15,252] - logger.py] - INFO: ---------------开始执行用例-----------
[2022-07-14 10:27:46,673] - logger.py] - INFO: ---------------开始执行用例-----------
[2022-07-14 10:28:08,481] - logger.py] - INFO: 点击我的tab热播影视成功进入资源详情页面
[2022-07-14 10:28:08,482] - logger.py] - INFO: --------------结束执行用例----------------
[2022-07-14 10:28:08,499] - logger.py] - INFO: ---------------开始执行用例-----------
[2022-07-14 10:28:27,968] - logger.py] - INFO: 我的tab页面热播影视模块和专题榜单模块展示正常
[2022-07-14 10:28:27,968] - logger.py] - INFO: --------------结束执行用例----------------
[2022-07-14 10:28:27,986] - logger.py] - INFO: ---------------开始执行用例-----------
[2022-07-14 10:28:45,610] - logger.py] - INFO: 我的tab页面，已安装应用显示正确
[2022-07-14 10:28:45,611] - logger.py] - INFO: --------------结束执行用例----------------
[2022-07-14 10:28:45,624] - logger.py] - INFO: ---------------开始执行用例-----------
[2022-07-14 10:28:56,211] - logger.py] - INFO: ---------------开始执行用例-----------
