[2022-07-13 09:16:43,779] - logger.py] - INFO: 成功打开了当贝市场app
[2022-07-13 09:16:56,869] - logger.py] - INFO: 判断是否成功进入热播影视详情页和专题榜单
[2022-07-13 09:16:56,878] - logger.py] - INFO: 我的tab页面热播影视模块和专题榜单模块展示正常，点击跳转页面正确
[2022-07-13 09:51:16,828] - logger.py] - INFO: 成功打开了当贝市场app
[2022-07-13 09:51:31,179] - logger.py] - INFO: 判断是否成功进入热播影视详情页和专题榜单
[2022-07-13 09:51:31,185] - logger.py] - INFO: 我的tab页面热播影视模块和专题榜单模块展示正常，点击跳转页面正确
[2022-07-13 09:59:50,271] - logger.py] - INFO: 成功打开了当贝市场app
[2022-07-13 10:04:24,633] - logger.py] - INFO: 成功打开了当贝市场app
[2022-07-13 10:04:39,734] - logger.py] - INFO: 成功打开了当贝市场app
[2022-07-13 10:06:46,504] - logger.py] - INFO: 判断是否成功进入热播影视详情页和专题榜单
[2022-07-13 10:06:46,511] - logger.py] - INFO: 我的tab页面热播影视模块和专题榜单模块展示正常，点击跳转页面正确
[2022-07-13 10:22:10,136] - logger.py] - INFO: 成功打开了当贝市场app
[2022-07-13 10:23:25,067] - logger.py] - INFO: 成功打开了当贝市场app
[2022-07-13 12:11:58,392] - logger.py] - INFO: 点击我的tab热播影视成功进入资源详情页面
[2022-07-13 13:02:42,348] - logger.py] - INFO: 点击我的tab热播影视成功进入资源详情页面
[2022-07-13 13:04:23,871] - logger.py] - INFO: 点击我的tab热播影视成功进入资源详情页面
[2022-07-13 13:05:18,927] - logger.py] - INFO: 点击我的tab热播影视成功进入资源详情页面
[2022-07-13 13:13:10,177] - logger.py] - INFO: 点击我的tab热播影视成功进入资源详情页面
[2022-07-13 13:15:45,828] - logger.py] - INFO: 点击我的tab热播影视成功进入资源详情页面
[2022-07-13 13:16:51,934] - logger.py] - INFO: 点击我的tab热播影视成功进入资源详情页面
[2022-07-13 13:17:39,809] - logger.py] - INFO: 点击我的tab热播影视成功进入资源详情页面
[2022-07-13 13:18:39,026] - logger.py] - INFO: 点击我的tab热播影视成功进入资源详情页面
[2022-07-13 13:21:24,520] - logger.py] - INFO: 我的tab页面热播影视模块和专题榜单模块展示正常
[2022-07-13 13:30:13,538] - logger.py] - INFO: 我的tab页面，已安装应用显示正确
[2022-07-13 13:37:40,777] - logger.py] - INFO: 我的tab页面，已安装的应用可以正常启动使用
[2022-07-13 14:06:46,236] - logger.py] - INFO: 我的tab页面热播影视模块和专题榜单模块展示正常
[2022-07-13 14:07:10,942] - logger.py] - INFO: 我的tab页面，已安装应用显示正确
[2022-07-13 14:07:34,086] - logger.py] - INFO: 我的tab页面，已安装的应用可以正常启动使用
[2022-07-13 14:41:38,987] - logger.py] - INFO: 我的tab页面热播影视模块和专题榜单模块展示正常
[2022-07-13 14:41:55,080] - logger.py] - INFO: 我的tab页面，已安装应用显示正确
[2022-07-13 15:25:19,048] - logger.py] - INFO: 点击我的tab热播影视成功进入资源详情页面
[2022-07-13 15:25:41,558] - logger.py] - INFO: 我的tab页面热播影视模块和专题榜单模块展示正常
[2022-07-13 15:26:00,768] - logger.py] - INFO: 我的tab页面，已安装应用显示正确
[2022-07-13 15:26:20,610] - logger.py] - INFO: 我的tab页面，已安装的应用可以正常启动使用
[2022-07-13 15:26:57,162] - logger.py] - INFO: 热播影视模块资源页面：本周电影热播、本周电视剧热播、本周综艺热播、本周动漫热播模块展示正确
[2022-07-13 15:42:10,348] - logger.py] - INFO: 热播影视模块资源页面：本周电影热播、本周电视剧热播、本周综艺热播、本周动漫热播模块展示正确
[2022-07-13 15:46:14,240] - logger.py] - INFO: 点击我的tab热播影视成功进入资源详情页面
[2022-07-13 15:46:33,118] - logger.py] - INFO: 我的tab页面热播影视模块和专题榜单模块展示正常
[2022-07-13 15:46:50,002] - logger.py] - INFO: 我的tab页面，已安装应用显示正确
[2022-07-13 17:02:42,201] - logger.py] - INFO: -----------------------------------开始执行用例---------------------------------------
[2022-07-13 17:02:56,555] - logger.py] - INFO: -----------------------------------开始执行用例---------------------------------------
[2022-07-13 17:03:41,111] - logger.py] - INFO: -----------------------------------开始执行用例---------------------------------------
[2022-07-13 17:03:49,091] - logger.py] - INFO: -----------------------------------开始执行用例---------------------------------------
[2022-07-13 17:03:54,461] - logger.py] - INFO: -----------------------------------开始执行用例---------------------------------------
[2022-07-13 17:04:17,243] - logger.py] - INFO: -----------------------------------结束执行用例---------------------------------------
[2022-07-13 17:04:17,593] - logger.py] - INFO: -----------------------------------开始执行用例---------------------------------------
[2022-07-13 17:04:17,921] - logger.py] - INFO: -----------------------------------开始执行用例---------------------------------------
[2022-07-13 17:04:18,216] - logger.py] - INFO: -----------------------------------开始执行用例---------------------------------------
[2022-07-13 17:04:22,800] - logger.py] - INFO: -----------------------------------开始执行用例---------------------------------------
[2022-07-13 17:04:23,106] - logger.py] - INFO: -----------------------------------开始执行用例---------------------------------------
[2022-07-13 17:04:23,344] - logger.py] - INFO: -----------------------------------开始执行用例---------------------------------------
[2022-07-13 17:04:23,553] - logger.py] - INFO: -----------------------------------开始执行用例---------------------------------------
[2022-07-13 17:04:23,808] - logger.py] - INFO: -----------------------------------开始执行用例---------------------------------------
[2022-07-13 17:05:16,752] - logger.py] - INFO: -----------------------------------开始执行用例---------------------------------------
[2022-07-13 17:05:48,358] - logger.py] - INFO: 点击我的tab热播影视成功进入资源详情页面
[2022-07-13 17:05:48,359] - logger.py] - INFO: -----------------------------------结束执行用例---------------------------------------
[2022-07-13 17:05:48,363] - logger.py] - INFO: -----------------------------------开始执行用例---------------------------------------
[2022-07-13 17:06:00,086] - logger.py] - INFO: -----------------------------------开始执行用例---------------------------------------
[2022-07-13 17:06:10,697] - logger.py] - INFO: -----------------------------------开始执行用例---------------------------------------
[2022-07-13 17:06:18,770] - logger.py] - INFO: -----------------------------------开始执行用例---------------------------------------
[2022-07-13 17:07:59,400] - logger.py] - INFO: -----------------------------------开始执行用例---------------------------------------
[2022-07-13 17:08:06,311] - logger.py] - INFO: -----------------------------------开始执行用例---------------------------------------
[2022-07-13 17:08:16,709] - logger.py] - INFO: -----------------------------------开始执行用例---------------------------------------
[2022-07-13 17:08:24,467] - logger.py] - INFO: -----------------------------------开始执行用例---------------------------------------
[2022-07-13 17:08:32,657] - logger.py] - INFO: -----------------------------------开始执行用例---------------------------------------
[2022-07-13 17:13:51,857] - logger.py] - INFO: -----------------------------------开始执行用例---------------------------------------
[2022-07-13 17:14:16,361] - logger.py] - INFO: 点击我的tab热播影视成功进入资源详情页面
[2022-07-13 17:14:16,364] - logger.py] - INFO: -----------------------------------结束执行用例---------------------------------------
[2022-07-13 17:14:16,366] - logger.py] - INFO: -----------------------------------开始执行用例---------------------------------------
[2022-07-13 17:14:37,608] - logger.py] - INFO: 我的tab页面热播影视模块和专题榜单模块展示正常
[2022-07-13 17:14:37,609] - logger.py] - INFO: -----------------------------------结束执行用例---------------------------------------
[2022-07-13 17:14:37,612] - logger.py] - INFO: -----------------------------------开始执行用例---------------------------------------
[2022-07-13 17:14:54,939] - logger.py] - INFO: 我的tab页面，已安装应用显示正确
[2022-07-13 17:14:54,940] - logger.py] - INFO: -----------------------------------结束执行用例---------------------------------------
[2022-07-13 17:14:54,944] - logger.py] - INFO: -----------------------------------开始执行用例---------------------------------------
[2022-07-13 17:15:19,284] - logger.py] - INFO: -----------------------------------结束执行用例---------------------------------------
[2022-07-13 17:15:19,483] - logger.py] - INFO: -----------------------------------开始执行用例---------------------------------------
[2022-07-13 17:16:03,426] - logger.py] - INFO: 热播影视模块资源页面：本周电影热播、本周电视剧热播、本周综艺热播、本周动漫热播模块展示正确
[2022-07-13 17:16:03,429] - logger.py] - INFO: -----------------------------------结束执行用例---------------------------------------
[2022-07-13 17:47:43,373] - logger.py] - INFO: -----------------------------------开始执行用例---------------------------------------
[2022-07-13 17:49:17,158] - logger.py] - INFO: -----------------------------------开始执行用例---------------------------------------
[2022-07-13 17:49:17,462] - logger.py] - INFO: -----------------------------------开始执行用例---------------------------------------
[2022-07-13 17:49:17,673] - logger.py] - INFO: -----------------------------------开始执行用例---------------------------------------
[2022-07-13 17:49:17,853] - logger.py] - INFO: -----------------------------------开始执行用例---------------------------------------
[2022-07-13 17:49:18,053] - logger.py] - INFO: -----------------------------------开始执行用例---------------------------------------
[2022-07-13 17:54:20,943] - logger.py] - INFO: -----------------------------------开始执行用例---------------------------------------
