[2022-07-12 16:13:57,858] - logger.py] - INFO: 成功打开了当贝市场app
[2022-07-12 16:20:17,390] - logger.py] - INFO: 成功打开了当贝市场app
[2022-07-12 16:20:17,393] - logger.py] - INFO: 精品tab左滑动两次，到达我的tab页面。
[2022-07-12 16:23:46,815] - logger.py] - INFO: 成功打开了当贝市场app
[2022-07-12 16:23:48,819] - logger.py] - INFO: 精品tab左滑动两次，到达我的tab页面。
[2022-07-12 17:01:11,496] - logger.py] - INFO: 成功打开了当贝市场app
[2022-07-12 17:21:46,871] - logger.py] - INFO: 成功打开了当贝市场app
[2022-07-12 17:23:32,236] - logger.py] - INFO: 成功打开了当贝市场app
[2022-07-12 17:24:29,580] - logger.py] - INFO: 成功打开了当贝市场app
[2022-07-12 17:27:36,204] - logger.py] - INFO: 成功打开了当贝市场app
[2022-07-12 17:27:45,605] - logger.py] - INFO: 判断是否成功进入热播影视详情页和专题榜单
[2022-07-12 17:27:45,705] - logger.py] - INFO: 我的tab页面热播影视模块和专题榜单模块展示正常，点击跳转页面正确
[2022-07-12 17:28:52,457] - logger.py] - INFO: 成功打开了当贝市场app
[2022-07-12 17:29:27,734] - logger.py] - INFO: 成功打开了当贝市场app
[2022-07-12 17:29:46,572] - logger.py] - INFO: 成功打开了当贝市场app
[2022-07-12 17:31:25,528] - logger.py] - INFO: 成功打开了当贝市场app
[2022-07-12 17:45:07,683] - logger.py] - INFO: 成功打开了当贝市场app
[2022-07-12 17:45:28,373] - logger.py] - INFO: 成功打开了当贝市场app
[2022-07-12 17:47:52,519] - logger.py] - INFO: 成功打开了当贝市场app
[2022-07-12 17:48:01,605] - logger.py] - INFO: 判断是否成功进入热播影视详情页和专题榜单
[2022-07-12 17:48:01,614] - logger.py] - INFO: 我的tab页面热播影视模块和专题榜单模块展示正常，点击跳转页面正确
[2022-07-12 17:48:26,625] - logger.py] - INFO: 成功打开了当贝市场app
[2022-07-12 17:49:15,456] - logger.py] - INFO: 成功打开了当贝市场app
[2022-07-12 17:49:24,504] - logger.py] - INFO: 判断是否成功进入热播影视详情页和专题榜单
[2022-07-12 17:49:24,511] - logger.py] - INFO: 我的tab页面热播影视模块和专题榜单模块展示正常，点击跳转页面正确
[2022-07-12 17:49:46,470] - logger.py] - INFO: 成功打开了当贝市场app
[2022-07-12 17:50:41,926] - logger.py] - INFO: 成功打开了当贝市场app
[2022-07-12 17:50:51,516] - logger.py] - INFO: 判断是否成功进入热播影视详情页和专题榜单
[2022-07-12 17:50:51,522] - logger.py] - INFO: 我的tab页面热播影视模块和专题榜单模块展示正常，点击跳转页面正确
[2022-07-12 17:51:13,668] - logger.py] - INFO: 成功打开了当贝市场app
[2022-07-12 17:52:23,841] - logger.py] - INFO: 成功打开了当贝市场app
[2022-07-12 17:52:26,660] - logger.py] - INFO: 第二次没执行
[2022-07-12 17:52:33,042] - logger.py] - INFO: 判断是否成功进入热播影视详情页和专题榜单
[2022-07-12 17:52:33,047] - logger.py] - INFO: 我的tab页面热播影视模块和专题榜单模块展示正常，点击跳转页面正确
[2022-07-12 17:53:53,107] - logger.py] - INFO: 成功打开了当贝市场app
[2022-07-12 17:53:55,856] - logger.py] - INFO: 第二次没执行
[2022-07-12 17:55:55,380] - logger.py] - INFO: 成功打开了当贝市场app
[2022-07-12 17:56:07,714] - logger.py] - INFO: 判断是否成功进入热播影视详情页和专题榜单
[2022-07-12 17:56:07,720] - logger.py] - INFO: 我的tab页面热播影视模块和专题榜单模块展示正常，点击跳转页面正确
[2022-07-12 17:56:27,225] - logger.py] - INFO: 成功打开了当贝市场app
[2022-07-12 17:58:29,050] - logger.py] - INFO: 成功打开了当贝市场app
[2022-07-12 17:58:38,361] - logger.py] - INFO: 判断是否成功进入热播影视详情页和专题榜单
[2022-07-12 17:58:38,373] - logger.py] - INFO: 我的tab页面热播影视模块和专题榜单模块展示正常，点击跳转页面正确
[2022-07-12 17:58:58,466] - logger.py] - INFO: 成功打开了当贝市场app
[2022-07-12 17:59:57,451] - logger.py] - INFO: 成功打开了当贝市场app
[2022-07-12 18:00:07,284] - logger.py] - INFO: 判断是否成功进入热播影视详情页和专题榜单
[2022-07-12 18:00:07,290] - logger.py] - INFO: 我的tab页面热播影视模块和专题榜单模块展示正常，点击跳转页面正确
[2022-07-12 18:00:31,419] - logger.py] - INFO: 成功打开了当贝市场app
